meter: {
   "Body" : {
      "Data" : {
         "0" : {
            "Current_AC_Phase_1" : 2.895,
            "Current_AC_Phase_2" : 0.75900000000000001,
            "Current_AC_Phase_3" : 0.081000000000000003,
            "Details" : {
               "Manufacturer" : "Fronius",
               "Model" : "Smart Meter 63A",
               "Serial" : "17155160"
            },
            "Enable" : 1,
            "EnergyReactive_VArAC_Sum_Consumed" : 186193850,
            "EnergyReactive_VArAC_Sum_Produced" : 117022570,
            "EnergyReal_WAC_Minus_Absolute" : 37647575,
            "EnergyReal_WAC_Plus_Absolute" : 41146131,
            "EnergyReal_WAC_Sum_Consumed" : 41146131,
            "EnergyReal_WAC_Sum_Produced" : 37647575,
            "Frequency_Phase_Average" : 50.100000000000001,
            "Meter_Location_Current" : 0,
            "PowerApparent_S_Phase_1" : 666.71850000000006,
            "PowerApparent_S_Phase_2" : 178.2132,
            "PowerApparent_S_Phase_3" : 18.824400000000001,
            "PowerApparent_S_Sum" : 678,
            "PowerFactor_Phase_1" : 0.81999999999999995,
            "PowerFactor_Phase_2" : 0.54000000000000004,
            "PowerFactor_Phase_3" : 0,
            "PowerFactor_Sum" : 0.76000000000000001,
            "PowerReactive_Q_Phase_1" : -290.93000000000001,
            "PowerReactive_Q_Phase_2" : -129.13,
            "PowerReactive_Q_Phase_3" : -18.140000000000001,
            "PowerReactive_Q_Sum" : -438.19999999999999,
            "PowerReal_P_Phase_1" : 433.86000000000001,
            "PowerReal_P_Phase_2" : 84.219999999999999,
            "PowerReal_P_Phase_3" : 0,
            "PowerReal_P_Sum" : 518.08000000000004,
            "TimeStamp" : 1654380130,
            "Visible" : 1,
            "Voltage_AC_PhaseToPhase_12" : 402.80000000000001,
            "Voltage_AC_PhaseToPhase_23" : 404.60000000000002,
            "Voltage_AC_PhaseToPhase_31" : 400.69999999999999,
            "Voltage_AC_Phase_1" : 230.30000000000001,
            "Voltage_AC_Phase_2" : 234.80000000000001,
            "Voltage_AC_Phase_3" : 232.40000000000001
         }
      }
   },
   "Head" : {
      "RequestArguments" : {
         "DeviceClass" : "Meter",
         "Scope" : "System"
      },
      "Status" : {
         "Code" : 0,
         "Reason" : "",
         "UserMessage" : ""
      },
      "Timestamp" : "2022-06-05T00:02:10+02:00"
   }
}