   "Body" : {
      "Data" : {
         "0" : {
            "Current_AC_Phase_1" : 6.8129999999999997,
            "Current_AC_Phase_2" : 4.8159999999999998,
            "Current_AC_Phase_3" : 5.2309999999999999,
            "Details" : {
               "Manufacturer" : "Fronius",
               "Model" : "Smart Meter 63A",
               "Serial" : "17155160"
            },
            "Enable" : 1,
            "EnergyReactive_VArAC_Sum_Consumed" : 186156370,
            "EnergyReactive_VArAC_Sum_Produced" : 116839510,
            "EnergyReal_WAC_Minus_Absolute" : 37552285,
            "EnergyReal_WAC_Plus_Absolute" : 41132481,
            "EnergyReal_WAC_Sum_Consumed" : 41132481,
            "EnergyReal_WAC_Sum_Produced" : 37552285,
            "Frequency_Phase_Average" : 49.899999999999999,
            "Meter_Location_Current" : 0,
            "PowerApparent_S_Phase_1" : 1567.6713,
            "PowerApparent_S_Phase_2" : 1104.7904000000001,
            "PowerApparent_S_Phase_3" : 1203.6531,
            "PowerApparent_S_Sum" : 3706,
            "PowerFactor_Phase_1" : -0.93999999999999995,
            "PowerFactor_Phase_2" : -0.88,
            "PowerFactor_Phase_3" : -0.81999999999999995,
            "PowerFactor_Sum" : -0.89000000000000001,
            "PowerReactive_Q_Phase_1" : 468.48000000000002,
            "PowerReactive_Q_Phase_2" : 508.63,
            "PowerReactive_Q_Phase_3" : 670.36000000000001,
            "PowerReactive_Q_Sum" : 1647.47,
            "PowerReal_P_Phase_1" : 1385.9200000000001,
            "PowerReal_P_Phase_2" : 958.44000000000005,
            "PowerReal_P_Phase_3" : 976.01999999999998,
            "PowerReal_P_Sum" : 3320.3800000000001,
            "TimeStamp" : 1654207326,
            "Visible" : 1,
            "Voltage_AC_PhaseToPhase_12" : 397.89999999999998,
            "Voltage_AC_PhaseToPhase_23" : 397.89999999999998,
            "Voltage_AC_PhaseToPhase_31" : 398.5,
            "Voltage_AC_Phase_1" : 230.09999999999999,
            "Voltage_AC_Phase_2" : 229.40000000000001,
            "Voltage_AC_Phase_3" : 230.09999999999999
         }
      }
   },
   "Head" : {
      "RequestArguments" : {
         "DeviceClass" : "Meter",
         "Scope" : "System"
      },
      "Status" : {
         "Code" : 0,
         "Reason" : "",
         "UserMessage" : ""
      },
      "Timestamp" : "2022-06-03T00:02:06+02:00"
   }
}