"Current_AC_Phase_1": A: 6.8129999999999997  B:6.367	Diff (B-A): -0.4460
"Current_AC_Phase_2": A: 4.8159999999999998  B:3.9929999999999999	Diff (B-A): -0.8230
"Current_AC_Phase_3": A: 5.2309999999999999  B:4.4390000000000001	Diff (B-A): -0.7920
"Manufacturer": A: "Fronius"  B:"Fronius"	Diff (B-A): 0.0000
"Model": A: "Smart Meter 63A"  B:"Smart Meter 63A"	Diff (B-A): 0.0000
"Serial": A: "17155160"  B:"17155160"	Diff (B-A): 0.0000
"Enable": A: 1  B:1	Diff (B-A): 0.0000
"EnergyReactive_VArAC_Sum_Consumed": A: 186156370  B:186177260	Diff (B-A): 20896.0000
"EnergyReactive_VArAC_Sum_Produced": A: 116839510  B:116926140	Diff (B-A): 86632.0000
"EnergyReal_WAC_Minus_Absolute": A: 37552285  B:37589221	Diff (B-A): 36936.0000
"EnergyReal_WAC_Plus_Absolute": A: 41132481  B:41139914	Diff (B-A): 7432.0000
"EnergyReal_WAC_Sum_Consumed": A: 41132481  B:41139914	Diff (B-A): 7432.0000
"EnergyReal_WAC_Sum_Produced": A: 37552285  B:37589221	Diff (B-A): 36936.0000
"Frequency_Phase_Average": A: 49.899999999999999  B:50	Diff (B-A): 0.1000
"Meter_Location_Current": A: 0  B:0	Diff (B-A): 0.0000
"PowerApparent_S_Phase_1": A: 1567.6713  B:1455.4962	Diff (B-A): -112.1750
"PowerApparent_S_Phase_2": A: 1104.7904000000001  B:913.19909999999993	Diff (B-A): -191.5913
"PowerApparent_S_Phase_3": A: 1203.6531  B:1020.5261	Diff (B-A): -183.1270
"PowerApparent_S_Sum": A: 3706  B:3199	Diff (B-A): -507.0000
"PowerFactor_Phase_1": A: -0.93999999999999995  B:-0.94999999999999996	Diff (B-A): -0.0100
"PowerFactor_Phase_2": A: -0.88  B:-0.83999999999999997	Diff (B-A): 0.0400
"PowerFactor_Phase_3": A: -0.81999999999999995  B:-0.76000000000000001	Diff (B-A): 0.0600
"PowerFactor_Sum": A: -0.89000000000000001  B:-0.87	Diff (B-A): 0.0200
"PowerReactive_Q_Phase_1": A: 468.48000000000002  B:395.02999999999997	Diff (B-A): -73.4500
"PowerReactive_Q_Phase_2": A: 508.63  B:476.35000000000002	Diff (B-A): -32.2800
"PowerReactive_Q_Phase_3": A: 670.36000000000001  B:657.24000000000001	Diff (B-A): -13.1200
"PowerReactive_Q_Sum": A: 1647.47  B:1528.6199999999999	Diff (B-A): -118.8500
"PowerReal_P_Phase_1": A: 1385.9200000000001  B:1276.3599999999999	Diff (B-A): -109.5601
"PowerReal_P_Phase_2": A: 958.44000000000005  B:765.20000000000005	Diff (B-A): -193.2400
"PowerReal_P_Phase_3": A: 976.01999999999998  B:768.71000000000004	Diff (B-A): -207.3100
"PowerReal_P_Sum": A: 3320.3800000000001  B:2810.27	Diff (B-A): -510.1099
"TimeStamp": A: 1654207326  B:1654293728	Diff (B-A): 86400.0000
"Visible": A: 1  B:1	Diff (B-A): 0.0000
"Voltage_AC_PhaseToPhase_12": A: 397.89999999999998  B:396	Diff (B-A): -1.9000
"Voltage_AC_PhaseToPhase_23": A: 397.89999999999998  B:397.19999999999999	Diff (B-A): -0.7000
"Voltage_AC_PhaseToPhase_31": A: 398.5  B:397.10000000000002	Diff (B-A): -1.4000
"Voltage_AC_Phase_1": A: 230.09999999999999  B:228.59999999999999	Diff (B-A): -1.5000
"Voltage_AC_Phase_2": A: 229.40000000000001  B:228.69999999999999	Diff (B-A): -0.7000
"Voltage_AC_Phase_3": A: 230.09999999999999  B:229.90000000000001	Diff (B-A): -0.2000
"DeviceClass": A: "Meter"  B:"Meter"	Diff (B-A): 0.0000
"Scope": A: "System"  B:"System"	Diff (B-A): 0.0000
"Code": A: 0  B:0	Diff (B-A): 0.0000
"Reason": A: ""  B:""	Diff (B-A): 0.0000
"UserMessage": A: ""  B:""	Diff (B-A): 0.0000
"Timestamp": A: "2022-06-03T00:02:06+02:00"  B:"2022-06-04T00:02:08+02:00"	Diff (B-A): 0.0000
