            "Current_AC_Phase_1": 6.367 : 2.895 diff: -3.4720
            "Current_AC_Phase_2": 3.9929999999999999 : 0.75900000000000001 diff: -3.2340
            "Current_AC_Phase_3": 4.4390000000000001 : 0.081000000000000003 diff: -4.3580
               "Manufacturer": "Fronius" : "Fronius" diff: 0.0000
               "Model": "Smart Meter 63A" : "Smart Meter 63A" diff: 0.0000
               "Serial": "17155160" : "17155160" diff: 0.0000
            "Enable": 1 : 1 diff: 0.0000
            "EnergyReactive_VArAC_Sum_Consumed": 186177260 : 186193850 diff: 16592.0000
            "EnergyReactive_VArAC_Sum_Produced": 116926140 : 117022570 diff: 96424.0000
            "EnergyReal_WAC_Minus_Absolute": 37589221 : 37647575 diff: 58356.0000
            "EnergyReal_WAC_Plus_Absolute": 41139914 : 41146131 diff: 6220.0000
            "EnergyReal_WAC_Sum_Consumed": 41139914 : 41146131 diff: 6220.0000
            "EnergyReal_WAC_Sum_Produced": 37589221 : 37647575 diff: 58356.0000
            "Frequency_Phase_Average": 50 : 50.100000000000001 diff: 0.1000
            "Meter_Location_Current": 0 : 0 diff: 0.0000
            "PowerApparent_S_Phase_1": 1455.4962 : 666.71850000000006 diff: -788.7777
            "PowerApparent_S_Phase_2": 913.19909999999993 : 178.2132 diff: -734.9859
            "PowerApparent_S_Phase_3": 1020.5261 : 18.824400000000001 diff: -1001.7017
            "PowerApparent_S_Sum": 3199 : 678 diff: -2521.0000
            "PowerFactor_Phase_1": -0.94999999999999996 : 0.81999999999999995 diff: 1.7700
            "PowerFactor_Phase_2": -0.83999999999999997 : 0.54000000000000004 diff: 1.3800
            "PowerFactor_Phase_3": -0.76000000000000001 : 0 diff: 0.7600
            "PowerFactor_Sum": -0.87 : 0.76000000000000001 diff: 1.6300
            "PowerReactive_Q_Phase_1": 395.02999999999997 : -290.93000000000001 diff: -685.9600
            "PowerReactive_Q_Phase_2": 476.35000000000002 : -129.13 diff: -605.4800
            "PowerReactive_Q_Phase_3": 657.24000000000001 : -18.140000000000001 diff: -675.3800
            "PowerReactive_Q_Sum": 1528.6199999999999 : -438.19999999999999 diff: -1966.8200
            "PowerReal_P_Phase_1": 1276.3599999999999 : 433.86000000000001 diff: -842.5000
            "PowerReal_P_Phase_2": 765.20000000000005 : 84.219999999999999 diff: -680.9800
            "PowerReal_P_Phase_3": 768.71000000000004 : 0 diff: -768.7100
            "PowerReal_P_Sum": 2810.27 : 518.08000000000004 diff: -2292.1900
            "TimeStamp": 1654293728 : 1654380130 diff: 86400.0000
            "Visible": 1 : 1 diff: 0.0000
            "Voltage_AC_PhaseToPhase_12": 396 : 402.80000000000001 diff: 6.8000
            "Voltage_AC_PhaseToPhase_23": 397.19999999999999 : 404.60000000000002 diff: 7.4000
            "Voltage_AC_PhaseToPhase_31": 397.10000000000002 : 400.69999999999999 diff: 3.6000
            "Voltage_AC_Phase_1": 228.59999999999999 : 230.30000000000001 diff: 1.7000
            "Voltage_AC_Phase_2": 228.69999999999999 : 234.80000000000001 diff: 6.1000
            "Voltage_AC_Phase_3": 229.90000000000001 : 232.40000000000001 diff: 2.5000
         "DeviceClass": "Meter" : "Meter" diff: 0.0000
         "Scope": "System" : "System" diff: 0.0000
         "Code": 0 : 0 diff: 0.0000
         "Reason": "" : "" diff: 0.0000
         "UserMessage": "" : "" diff: 0.0000
      "Timestamp": "2022-06-04T00:02:08+02:00" : "2022-06-05T00:02:10+02:00" diff: 0.0000
